<?xml version="1.0" encoding="UTF-8"?>
<testsuite name="plc.project.evaluator.EvaluatorTests" tests="48" skipped="0" failures="0" errors="0" timestamp="2026-03-24T23:26:04.648Z" hostname="BISHOYP" time="0.157">
  <properties/>
  <testcase name="[1] Op+ Integer Addition, Binary[operator=+, left=Literal[value=1, class=BigInteger], right=Literal[value=2, class=BigInteger]], Primitive[value=3, class=BigInteger], []" classname="plc.project.evaluator.EvaluatorTests" time="0.044"/>
  <testcase name="[2] Op+ Decimal Addition, Binary[operator=+, left=Literal[value=1.0, class=BigDecimal], right=Literal[value=2.0, class=BigDecimal]], Primitive[value=3.0, class=BigDecimal], []" classname="plc.project.evaluator.EvaluatorTests" time="0.001"/>
  <testcase name="[3] Op+ String Concatenation, Binary[operator=+, left=Literal[value=left, class=String], right=Literal[value=right, class=String]], Primitive[value=leftright, class=String], []" classname="plc.project.evaluator.EvaluatorTests" time="0.002"/>
  <testcase name="[4] Op+ Evaluation Order Left Validation Error, Binary[operator=+, left=Literal[value=false, class=Boolean], right=Function[name=log, arguments=[Literal[value=true, class=Boolean]]]], plc.project.evaluator.EvaluateException: unused, [Primitive[value=true, class=Boolean]]" classname="plc.project.evaluator.EvaluatorTests" time="0.002"/>
  <testcase name="[5] Op- Evaluation Order Left Validation Error, Binary[operator=-, left=Literal[value=invalid, class=String], right=Function[name=log, arguments=[Literal[value=unevaluated, class=String]]]], plc.project.evaluator.EvaluateException: unused, []" classname="plc.project.evaluator.EvaluatorTests" time="0.001"/>
  <testcase name="[6] Op* Evaluation Order Left Execution Error, Binary[operator=*, left=Variable[name=undefined], right=Function[name=log, arguments=[Literal[value=unevaluated, class=String]]]], plc.project.evaluator.EvaluateException: unused, []" classname="plc.project.evaluator.EvaluatorTests" time="0.001"/>
  <testcase name="[7] Op/ Decimal Rounding Down, Binary[operator=/, left=Literal[value=5, class=BigDecimal], right=Literal[value=2, class=BigDecimal]], Primitive[value=2, class=BigDecimal], []" classname="plc.project.evaluator.EvaluatorTests" time="0.001"/>
  <testcase name="[8] Op&lt; Integer True, Binary[operator=&lt;, left=Literal[value=1, class=BigInteger], right=Literal[value=2, class=BigInteger]], Primitive[value=true, class=Boolean], []" classname="plc.project.evaluator.EvaluatorTests" time="0.001"/>
  <testcase name="[9] Op== Decimal False, Binary[operator===, left=Literal[value=1.0, class=BigDecimal], right=Literal[value=2.0, class=BigDecimal]], Primitive[value=false, class=Boolean], []" classname="plc.project.evaluator.EvaluatorTests" time="0.0"/>
  <testcase name="[10] OpAND False, Binary[operator=AND, left=Literal[value=true, class=Boolean], right=Literal[value=false, class=Boolean]], Primitive[value=false, class=Boolean], []" classname="plc.project.evaluator.EvaluatorTests" time="0.001"/>
  <testcase name="[11] OpOR True Short-Circuit, Binary[operator=OR, left=Function[name=log, arguments=[Literal[value=true, class=Boolean]]], right=Function[name=log, arguments=[Literal[value=false, class=Boolean]]]], Primitive[value=true, class=Boolean], [Primitive[value=true, class=Boolean]]" classname="plc.project.evaluator.EvaluatorTests" time="0.001"/>
  <testcase name="[1] Method, Method[receiver=Variable[name=object], name=method, arguments=[Literal[value=argument, class=String]]], Primitive[value=[Primitive[value=argument, class=String]], class=List12], []" classname="plc.project.evaluator.EvaluatorTests" time="0.001"/>
  <testcase name="[1] For, Source[statements=[For[name=element, expression=Function[name=list, arguments=[Literal[value=1, class=BigInteger], Literal[value=2, class=BigInteger], Literal[value=3, class=BigInteger]]], body=[Expression[expression=Function[name=log, arguments=[Variable[name=element]]]]]]]], Primitive[value=null, class=N/A], [Primitive[value=1, class=BigInteger], Primitive[value=2, class=BigInteger], Primitive[value=3, class=BigInteger]]" classname="plc.project.evaluator.EvaluatorTests" time="0.001"/>
  <testcase name="[2] Range, Source[statements=[For[name=element, expression=Function[name=range, arguments=[Literal[value=1, class=BigInteger], Literal[value=5, class=BigInteger]]], body=[Expression[expression=Function[name=log, arguments=[Variable[name=element]]]]]]]], Primitive[value=null, class=N/A], [Primitive[value=1, class=BigInteger], Primitive[value=2, class=BigInteger], Primitive[value=3, class=BigInteger], Primitive[value=4, class=BigInteger]]" classname="plc.project.evaluator.EvaluatorTests" time="0.001"/>
  <testcase name="[1] Group, Group[expression=Literal[value=expr, class=String]], Primitive[value=expr, class=String], []" classname="plc.project.evaluator.EvaluatorTests" time="0.001"/>
  <testcase name="[1] Variable, Source[statements=[Assignment[expression=Variable[name=variable], value=Literal[value=value, class=String]], Expression[expression=Function[name=log, arguments=[Variable[name=variable]]]]]], Primitive[value=value, class=String], [Primitive[value=value, class=String]]" classname="plc.project.evaluator.EvaluatorTests" time="0.0"/>
  <testcase name="[2] Property, Source[statements=[Assignment[expression=Property[receiver=Variable[name=object], name=property], value=Literal[value=value, class=String]], Expression[expression=Property[receiver=Variable[name=object], name=property]]]], Primitive[value=value, class=String], []" classname="plc.project.evaluator.EvaluatorTests" time="0.001"/>
  <testcase name="[1] sqrt, Source[statements=[Expression[expression=Function[name=sqrt, arguments=[Literal[value=4.0, class=BigDecimal]]]]]], Primitive[value=2, class=BigDecimal], []" classname="plc.project.evaluator.EvaluatorTests" time="0.001"/>
  <testcase name="[2] range, Source[statements=[Expression[expression=Function[name=range, arguments=[Literal[value=1, class=BigInteger], Literal[value=5, class=BigInteger]]]]]], Primitive[value=[Primitive[value=1, class=BigInteger], Primitive[value=2, class=BigInteger], Primitive[value=3, class=BigInteger], Primitive[value=4, class=BigInteger]], class=ListN], []" classname="plc.project.evaluator.EvaluatorTests" time="0.0"/>
  <testcase name="[1] Hello World, DEF main() DO&#10;    log(&quot;Hello, World!&quot;);&#10;END&#10;main();&#10;, Primitive[value=null, class=N/A], [Primitive[value=Hello, World!, class=String]]" classname="plc.project.evaluator.EvaluatorTests" time="0.004"/>
  <testcase name="[1] Declaration, Source[statements=[Let[name=name, value=Optional.empty], Expression[expression=Function[name=log, arguments=[Variable[name=name]]]]]], Primitive[value=null, class=N/A], [Primitive[value=null, class=N/A]]" classname="plc.project.evaluator.EvaluatorTests" time="0.001"/>
  <testcase name="[2] Initialization, Source[statements=[Let[name=name, value=Optional[Literal[value=value, class=String]]], Expression[expression=Function[name=log, arguments=[Variable[name=name]]]]]], Primitive[value=value, class=String], [Primitive[value=value, class=String]]" classname="plc.project.evaluator.EvaluatorTests" time="0.0"/>
  <testcase name="[3] Redefined, Source[statements=[Let[name=name, value=Optional.empty], Let[name=name, value=Optional.empty]]], plc.project.evaluator.EvaluateException: unused, []" classname="plc.project.evaluator.EvaluatorTests" time="0.0"/>
  <testcase name="[4] Shadowed, Source[statements=[Let[name=variable, value=Optional.empty]]], Primitive[value=null, class=N/A], []" classname="plc.project.evaluator.EvaluatorTests" time="0.001"/>
  <testcase name="[1] Property, Property[receiver=Variable[name=object], name=property], Primitive[value=property, class=String], []" classname="plc.project.evaluator.EvaluatorTests" time="0.001"/>
  <testcase name="[2] Prototypal Inheritance, Property[receiver=Variable[name=object], name=inherited_property], Primitive[value=inherited_property, class=String], []" classname="plc.project.evaluator.EvaluatorTests" time="0.001"/>
  <testcase name="[1] Field, Property[receiver=ObjectExpr[name=Optional.empty, fields=[Let[name=field, value=Optional[Literal[value=value, class=String]]]], methods=[]], name=field], Primitive[value=value, class=String], []" classname="plc.project.evaluator.EvaluatorTests" time="0.001"/>
  <testcase name="[2] Method, Method[receiver=ObjectExpr[name=Optional.empty, fields=[], methods=[Def[name=method, parameters=[], body=[]]]], name=method, arguments=[]], Primitive[value=null, class=N/A], []" classname="plc.project.evaluator.EvaluatorTests" time="0.001"/>
  <testcase name="[3] Method Parameter, Method[receiver=ObjectExpr[name=Optional.empty, fields=[], methods=[Def[name=method, parameters=[parameter], body=[Return[value=Optional[Variable[name=parameter]]]]]]], name=method, arguments=[Literal[value=argument, class=String]]], Primitive[value=argument, class=String], []" classname="plc.project.evaluator.EvaluatorTests" time="0.001"/>
  <testcase name="[1] Inside Function, Source[statements=[Def[name=name, parameters=[], body=[Return[value=Optional[Literal[value=value, class=String]]]]], Expression[expression=Function[name=name, arguments=[]]]]], Primitive[value=value, class=String], []" classname="plc.project.evaluator.EvaluatorTests" time="0.001"/>
  <testcase name="[2] Outside Function, Source[statements=[Return[value=Optional.empty]]], plc.project.evaluator.EvaluateException: unused, []" classname="plc.project.evaluator.EvaluatorTests" time="0.001"/>
  <testcase name="[1] Variable, Variable[name=variable], Primitive[value=variable, class=String], []" classname="plc.project.evaluator.EvaluatorTests" time="0.001"/>
  <testcase name="[1] Function, Function[name=function, arguments=[]], Primitive[value=[], class=ListN], []" classname="plc.project.evaluator.EvaluatorTests" time="0.001"/>
  <testcase name="[2] Argument, Function[name=function, arguments=[Literal[value=argument, class=String]]], Primitive[value=[Primitive[value=argument, class=String]], class=List12], []" classname="plc.project.evaluator.EvaluatorTests" time="0.0"/>
  <testcase name="[3] Undefined, Function[name=undefined, arguments=[Function[name=log, arguments=[Literal[value=argument, class=String]]]]], plc.project.evaluator.EvaluateException: unused, []" classname="plc.project.evaluator.EvaluatorTests" time="0.001"/>
  <testcase name="[1] Boolean, Literal[value=true, class=Boolean], Primitive[value=true, class=Boolean], []" classname="plc.project.evaluator.EvaluatorTests" time="0.0"/>
  <testcase name="[2] Integer, Literal[value=1, class=BigInteger], Primitive[value=1, class=BigInteger], []" classname="plc.project.evaluator.EvaluatorTests" time="0.001"/>
  <testcase name="[3] String, Literal[value=string, class=String], Primitive[value=string, class=String], []" classname="plc.project.evaluator.EvaluatorTests" time="0.001"/>
  <testcase name="[1] Invocation, Source[statements=[Def[name=name, parameters=[], body=[Expression[expression=Function[name=log, arguments=[Literal[value=invoked, class=String]]]]]], Expression[expression=Function[name=name, arguments=[]]]]], Primitive[value=null, class=N/A], [Primitive[value=invoked, class=String]]" classname="plc.project.evaluator.EvaluatorTests" time="0.001"/>
  <testcase name="[2] Parameter, Source[statements=[Def[name=name, parameters=[parameter], body=[Expression[expression=Function[name=log, arguments=[Variable[name=parameter]]]]]], Expression[expression=Function[name=name, arguments=[Literal[value=argument, class=String]]]]]], Primitive[value=null, class=N/A], [Primitive[value=argument, class=String]]" classname="plc.project.evaluator.EvaluatorTests" time="0.001"/>
  <testcase name="[3] Return Value, Source[statements=[Def[name=name, parameters=[], body=[Return[value=Optional[Literal[value=value, class=String]]]]], Expression[expression=Function[name=name, arguments=[]]]]], Primitive[value=value, class=String], []" classname="plc.project.evaluator.EvaluatorTests" time="0.0"/>
  <testcase name="[1] Then, Source[statements=[If[condition=Literal[value=true, class=Boolean], thenBody=[Expression[expression=Function[name=log, arguments=[Literal[value=then, class=String]]]]], elseBody=[Expression[expression=Function[name=log, arguments=[Literal[value=else, class=String]]]]]]]], Primitive[value=then, class=String], [Primitive[value=then, class=String]]" classname="plc.project.evaluator.EvaluatorTests" time="0.0"/>
  <testcase name="[2] Else, Source[statements=[If[condition=Literal[value=false, class=Boolean], thenBody=[Expression[expression=Function[name=log, arguments=[Literal[value=then, class=String]]]]], elseBody=[Expression[expression=Function[name=log, arguments=[Literal[value=else, class=String]]]]]]]], Primitive[value=else, class=String], [Primitive[value=else, class=String]]" classname="plc.project.evaluator.EvaluatorTests" time="0.001"/>
  <testcase name="[1] Single, Source[statements=[Expression[expression=Function[name=log, arguments=[Literal[value=value, class=String]]]]]], Primitive[value=value, class=String], [Primitive[value=value, class=String]]" classname="plc.project.evaluator.EvaluatorTests" time="0.001"/>
  <testcase name="[2] Multiple, Source[statements=[Expression[expression=Function[name=log, arguments=[Literal[value=1, class=BigInteger]]]], Expression[expression=Function[name=log, arguments=[Literal[value=2, class=BigInteger]]]], Expression[expression=Function[name=log, arguments=[Literal[value=3, class=BigInteger]]]]]], Primitive[value=3, class=BigInteger], [Primitive[value=1, class=BigInteger], Primitive[value=2, class=BigInteger], Primitive[value=3, class=BigInteger]]" classname="plc.project.evaluator.EvaluatorTests" time="0.0"/>
  <testcase name="[3] Unhandled Return, Source[statements=[Return[value=Optional.empty]]], plc.project.evaluator.EvaluateException: unused, []" classname="plc.project.evaluator.EvaluatorTests" time="0.001"/>
  <testcase name="[1] Variable, Source[statements=[Expression[expression=Variable[name=variable]]]], Primitive[value=variable, class=String], []" classname="plc.project.evaluator.EvaluatorTests" time="0.001"/>
  <testcase name="[2] Function, Source[statements=[Expression[expression=Function[name=function, arguments=[Literal[value=argument, class=String]]]]]], Primitive[value=[Primitive[value=argument, class=String]], class=List12], []" classname="plc.project.evaluator.EvaluatorTests" time="0.001"/>
  <system-out><![CDATA[]]></system-out>
  <system-err><![CDATA[]]></system-err>
</testsuite>
