<?xml version="1.0" encoding="UTF-8"?>
<testsuite name="plc.project.parser.ParserTests" tests="41" skipped="0" failures="0" errors="0" timestamp="2026-03-24T23:26:04.896Z" hostname="BISHOYP" time="0.126">
  <properties/>
  <testcase name="[1] Addition, [Token[type=IDENTIFIER, literal=left], Token[type=OPERATOR, literal=+], Token[type=IDENTIFIER, literal=right]], Binary[operator=+, left=Variable[name=left], right=Variable[name=right]]" classname="plc.project.parser.ParserTests" time="0.002"/>
  <testcase name="[2] Multiplication, [Token[type=IDENTIFIER, literal=left], Token[type=OPERATOR, literal=*], Token[type=IDENTIFIER, literal=right]], Binary[operator=*, left=Variable[name=left], right=Variable[name=right]]" classname="plc.project.parser.ParserTests" time="0.0"/>
  <testcase name="[3] Equal Precedence, [Token[type=IDENTIFIER, literal=first], Token[type=OPERATOR, literal=+], Token[type=IDENTIFIER, literal=second], Token[type=OPERATOR, literal=+], Token[type=IDENTIFIER, literal=third]], Binary[operator=+, left=Binary[operator=+, left=Variable[name=first], right=Variable[name=second]], right=Variable[name=third]]" classname="plc.project.parser.ParserTests" time="0.0"/>
  <testcase name="[4] Lower Precedence, [Token[type=IDENTIFIER, literal=first], Token[type=OPERATOR, literal=+], Token[type=IDENTIFIER, literal=second], Token[type=OPERATOR, literal=*], Token[type=IDENTIFIER, literal=third]], Binary[operator=+, left=Variable[name=first], right=Binary[operator=*, left=Variable[name=second], right=Variable[name=third]]]" classname="plc.project.parser.ParserTests" time="0.0"/>
  <testcase name="[5] Higher Precedence, [Token[type=IDENTIFIER, literal=first], Token[type=OPERATOR, literal=*], Token[type=IDENTIFIER, literal=second], Token[type=OPERATOR, literal=+], Token[type=IDENTIFIER, literal=third]], Binary[operator=+, left=Binary[operator=*, left=Variable[name=first], right=Variable[name=second]], right=Variable[name=third]]" classname="plc.project.parser.ParserTests" time="0.0"/>
  <testcase name="[1] Method, [Token[type=IDENTIFIER, literal=receiver], Token[type=OPERATOR, literal=.], Token[type=IDENTIFIER, literal=method], Token[type=OPERATOR, literal=(], Token[type=OPERATOR, literal=)]], Method[receiver=Variable[name=receiver], name=method, arguments=[]]" classname="plc.project.parser.ParserTests" time="0.001"/>
  <testcase name="[2] Arguments, [Token[type=IDENTIFIER, literal=receiver], Token[type=OPERATOR, literal=.], Token[type=IDENTIFIER, literal=method], Token[type=OPERATOR, literal=(], Token[type=IDENTIFIER, literal=first], Token[type=OPERATOR, literal=,], Token[type=IDENTIFIER, literal=second], Token[type=OPERATOR, literal=,], Token[type=IDENTIFIER, literal=third], Token[type=OPERATOR, literal=)]], Method[receiver=Variable[name=receiver], name=method, arguments=[Variable[name=first], Variable[name=second], Variable[name=third]]]" classname="plc.project.parser.ParserTests" time="0.0"/>
  <testcase name="[1] For, [Token[type=IDENTIFIER, literal=FOR], Token[type=IDENTIFIER, literal=name], Token[type=IDENTIFIER, literal=IN], Token[type=IDENTIFIER, literal=expr], Token[type=IDENTIFIER, literal=DO], Token[type=IDENTIFIER, literal=stmt], Token[type=OPERATOR, literal=;], Token[type=IDENTIFIER, literal=END]], For[name=name, expression=Variable[name=expr], body=[Expression[expression=Variable[name=stmt]]]]" classname="plc.project.parser.ParserTests" time="0.001"/>
  <testcase name="[2] Missing In, [Token[type=IDENTIFIER, literal=FOR], Token[type=IDENTIFIER, literal=name], Token[type=IDENTIFIER, literal=expr], Token[type=IDENTIFIER, literal=DO], Token[type=IDENTIFIER, literal=stmt], Token[type=OPERATOR, literal=;], Token[type=IDENTIFIER, literal=END]], plc.project.parser.ParseException: &#10; - @ token Token[type=IDENTIFIER, literal=expr]" classname="plc.project.parser.ParserTests" time="0.001"/>
  <testcase name="[1] Group, [Token[type=OPERATOR, literal=(], Token[type=IDENTIFIER, literal=expr], Token[type=OPERATOR, literal=)]], Group[expression=Variable[name=expr]]" classname="plc.project.parser.ParserTests" time="0.0"/>
  <testcase name="[2] Missing Expression, [Token[type=OPERATOR, literal=(], Token[type=OPERATOR, literal=)]], plc.project.parser.ParseException: &#10; - @ token Token[type=OPERATOR, literal=)]" classname="plc.project.parser.ParserTests" time="0.0"/>
  <testcase name="[1] Variable, [Token[type=IDENTIFIER, literal=variable], Token[type=OPERATOR, literal==], Token[type=IDENTIFIER, literal=value], Token[type=OPERATOR, literal=;]], Assignment[expression=Variable[name=variable], value=Variable[name=value]]" classname="plc.project.parser.ParserTests" time="0.001"/>
  <testcase name="[2] Missing Value, [Token[type=IDENTIFIER, literal=object], Token[type=OPERATOR, literal=.], Token[type=IDENTIFIER, literal=property], Token[type=OPERATOR, literal==], Token[type=OPERATOR, literal=;]], plc.project.parser.ParseException: &#10; - @ token Token[type=OPERATOR, literal=;]" classname="plc.project.parser.ParserTests" time="0.0"/>
  <testcase name="[1] Hello World, DEF main() DO&#10;    print(&quot;Hello, World!&quot;);&#10;END&#10;, Source[statements=[Def[name=main, parameters=[], body=[Expression[expression=Function[name=print, arguments=[Literal[value=Hello, World!, class=String]]]]]]]]" classname="plc.project.parser.ParserTests" time="0.002"/>
  <testcase name="[1] Declaration, [Token[type=IDENTIFIER, literal=LET], Token[type=IDENTIFIER, literal=name], Token[type=OPERATOR, literal=;]], Let[name=name, value=Optional.empty]" classname="plc.project.parser.ParserTests" time="0.002"/>
  <testcase name="[2] Initialization, [Token[type=IDENTIFIER, literal=LET], Token[type=IDENTIFIER, literal=name], Token[type=OPERATOR, literal==], Token[type=IDENTIFIER, literal=expr], Token[type=OPERATOR, literal=;]], Let[name=name, value=Optional[Variable[name=expr]]]" classname="plc.project.parser.ParserTests" time="0.003"/>
  <testcase name="[3] Missing Semicolon, [Token[type=IDENTIFIER, literal=LET], Token[type=IDENTIFIER, literal=name], Token[type=OPERATOR, literal==], Token[type=IDENTIFIER, literal=expr]], plc.project.parser.ParseException: &#10; - @ token EOF" classname="plc.project.parser.ParserTests" time="0.001"/>
  <testcase name="[1] Property, [Token[type=IDENTIFIER, literal=receiver], Token[type=OPERATOR, literal=.], Token[type=IDENTIFIER, literal=property]], Property[receiver=Variable[name=receiver], name=property]" classname="plc.project.parser.ParserTests" time="0.002"/>
  <testcase name="[2] Missing Name, [Token[type=IDENTIFIER, literal=receiver], Token[type=OPERATOR, literal=.]], plc.project.parser.ParseException: &#10; - @ token EOF" classname="plc.project.parser.ParserTests" time="0.0"/>
  <testcase name="[1] Field, [Token[type=IDENTIFIER, literal=OBJECT], Token[type=IDENTIFIER, literal=DO], Token[type=IDENTIFIER, literal=LET], Token[type=IDENTIFIER, literal=field], Token[type=OPERATOR, literal=;], Token[type=IDENTIFIER, literal=END]], ObjectExpr[name=Optional.empty, fields=[Let[name=field, value=Optional.empty]], methods=[]]" classname="plc.project.parser.ParserTests" time="0.003"/>
  <testcase name="[2] Method, [Token[type=IDENTIFIER, literal=OBJECT], Token[type=IDENTIFIER, literal=DO], Token[type=IDENTIFIER, literal=DEF], Token[type=IDENTIFIER, literal=method], Token[type=OPERATOR, literal=(], Token[type=OPERATOR, literal=)], Token[type=IDENTIFIER, literal=DO], Token[type=IDENTIFIER, literal=END], Token[type=IDENTIFIER, literal=END]], ObjectExpr[name=Optional.empty, fields=[], methods=[Def[name=method, parameters=[], body=[]]]]" classname="plc.project.parser.ParserTests" time="0.002"/>
  <testcase name="[1] Return Expr, [Token[type=IDENTIFIER, literal=RETURN], Token[type=IDENTIFIER, literal=expr], Token[type=OPERATOR, literal=;]], Return[value=Optional[Variable[name=expr]]]" classname="plc.project.parser.ParserTests" time="0.001"/>
  <testcase name="[2] Return If, [Token[type=IDENTIFIER, literal=RETURN], Token[type=IDENTIFIER, literal=IF], Token[type=IDENTIFIER, literal=cond], Token[type=OPERATOR, literal=;]], If[condition=Variable[name=cond], thenBody=[Return[value=Optional.empty]], elseBody=[]]" classname="plc.project.parser.ParserTests" time="0.001"/>
  <testcase name="[1] Variable, [Token[type=IDENTIFIER, literal=variable]], Variable[name=variable]" classname="plc.project.parser.ParserTests" time="0.007"/>
  <testcase name="[1] Function, [Token[type=IDENTIFIER, literal=function], Token[type=OPERATOR, literal=(], Token[type=OPERATOR, literal=)]], Function[name=function, arguments=[]]" classname="plc.project.parser.ParserTests" time="0.001"/>
  <testcase name="[2] Argument, [Token[type=IDENTIFIER, literal=function], Token[type=OPERATOR, literal=(], Token[type=IDENTIFIER, literal=argument], Token[type=OPERATOR, literal=)]], Function[name=function, arguments=[Variable[name=argument]]]" classname="plc.project.parser.ParserTests" time="0.0"/>
  <testcase name="[1] Nil, [Token[type=IDENTIFIER, literal=NIL]], Literal[value=null, class=N/A]" classname="plc.project.parser.ParserTests" time="0.001"/>
  <testcase name="[2] Boolean, [Token[type=IDENTIFIER, literal=TRUE]], Literal[value=true, class=Boolean]" classname="plc.project.parser.ParserTests" time="0.005"/>
  <testcase name="[3] Integer, [Token[type=INTEGER, literal=1]], Literal[value=1, class=BigInteger]" classname="plc.project.parser.ParserTests" time="0.001"/>
  <testcase name="[4] Decimal, [Token[type=DECIMAL, literal=1.0]], Literal[value=1.0, class=BigDecimal]" classname="plc.project.parser.ParserTests" time="0.001"/>
  <testcase name="[5] Character, [Token[type=CHARACTER, literal='c']], Literal[value=c, class=Character]" classname="plc.project.parser.ParserTests" time="0.0"/>
  <testcase name="[6] String, [Token[type=STRING, literal=&quot;string&quot;]], Literal[value=string, class=String]" classname="plc.project.parser.ParserTests" time="0.0"/>
  <testcase name="[7] String Newline Escape, [Token[type=STRING, literal=&quot;Hello,\nWorld!&quot;]], Literal[value=Hello,&#10;World!, class=String]" classname="plc.project.parser.ParserTests" time="0.001"/>
  <testcase name="[1] Def, [Token[type=IDENTIFIER, literal=DEF], Token[type=IDENTIFIER, literal=name], Token[type=OPERATOR, literal=(], Token[type=OPERATOR, literal=)], Token[type=IDENTIFIER, literal=DO], Token[type=IDENTIFIER, literal=END]], Def[name=name, parameters=[], body=[]]" classname="plc.project.parser.ParserTests" time="0.001"/>
  <testcase name="[2] Parameter, [Token[type=IDENTIFIER, literal=DEF], Token[type=IDENTIFIER, literal=name], Token[type=OPERATOR, literal=(], Token[type=IDENTIFIER, literal=parameter], Token[type=OPERATOR, literal=)], Token[type=IDENTIFIER, literal=DO], Token[type=IDENTIFIER, literal=END]], Def[name=name, parameters=[parameter], body=[]]" classname="plc.project.parser.ParserTests" time="0.001"/>
  <testcase name="[1] If, [Token[type=IDENTIFIER, literal=IF], Token[type=IDENTIFIER, literal=cond], Token[type=IDENTIFIER, literal=DO], Token[type=IDENTIFIER, literal=then], Token[type=OPERATOR, literal=;], Token[type=IDENTIFIER, literal=END]], If[condition=Variable[name=cond], thenBody=[Expression[expression=Variable[name=then]]], elseBody=[]]" classname="plc.project.parser.ParserTests" time="0.0"/>
  <testcase name="[2] Else, [Token[type=IDENTIFIER, literal=IF], Token[type=IDENTIFIER, literal=cond], Token[type=IDENTIFIER, literal=DO], Token[type=IDENTIFIER, literal=then], Token[type=OPERATOR, literal=;], Token[type=IDENTIFIER, literal=ELSE], Token[type=IDENTIFIER, literal=else], Token[type=OPERATOR, literal=;], Token[type=IDENTIFIER, literal=END]], If[condition=Variable[name=cond], thenBody=[Expression[expression=Variable[name=then]]], elseBody=[Expression[expression=Variable[name=else]]]]" classname="plc.project.parser.ParserTests" time="0.001"/>
  <testcase name="[1] Single, [Token[type=IDENTIFIER, literal=stmt], Token[type=OPERATOR, literal=;]], Source[statements=[Expression[expression=Variable[name=stmt]]]]" classname="plc.project.parser.ParserTests" time="0.001"/>
  <testcase name="[2] Multiple, [Token[type=IDENTIFIER, literal=first], Token[type=OPERATOR, literal=;], Token[type=IDENTIFIER, literal=second], Token[type=OPERATOR, literal=;], Token[type=IDENTIFIER, literal=third], Token[type=OPERATOR, literal=;]], Source[statements=[Expression[expression=Variable[name=first]], Expression[expression=Variable[name=second]], Expression[expression=Variable[name=third]]]]" classname="plc.project.parser.ParserTests" time="0.0"/>
  <testcase name="[1] Variable, [Token[type=IDENTIFIER, literal=variable], Token[type=OPERATOR, literal=;]], Expression[expression=Variable[name=variable]]" classname="plc.project.parser.ParserTests" time="0.002"/>
  <testcase name="[2] Function, [Token[type=IDENTIFIER, literal=function], Token[type=OPERATOR, literal=(], Token[type=OPERATOR, literal=)], Token[type=OPERATOR, literal=;]], Expression[expression=Function[name=function, arguments=[]]]" classname="plc.project.parser.ParserTests" time="0.0"/>
  <system-out><![CDATA[]]></system-out>
  <system-err><![CDATA[]]></system-err>
</testsuite>
